{"C:\\Users\\dahan\\Desktop\\web-ex1\\server.js": {"path":"C:\\Users\\dahan\\Desktop\\web-ex1\\server.js","statementMap":{"0":{"start":{"line":1,"column":15},"end":{"line":1,"column":41}},"1":{"start":{"line":2,"column":17},"end":{"line":2,"column":36}},"2":{"start":{"line":3,"column":19},"end":{"line":3,"column":41}},"3":{"start":{"line":5,"column":16},"end":{"line":5,"column":34}},"4":{"start":{"line":6,"column":12},"end":{"line":6,"column":21}},"5":{"start":{"line":7,"column":19},"end":{"line":7,"column":50}},"6":{"start":{"line":8,"column":0},"end":{"line":8,"column":27}},"7":{"start":{"line":9,"column":0},"end":{"line":9,"column":51}},"8":{"start":{"line":10,"column":0},"end":{"line":10,"column":30}},"9":{"start":{"line":12,"column":11},"end":{"line":12,"column":30}},"10":{"start":{"line":13,"column":0},"end":{"line":13,"column":48}},"11":{"start":{"line":13,"column":26},"end":{"line":13,"column":46}},"12":{"start":{"line":14,"column":0},"end":{"line":14,"column":60}},"13":{"start":{"line":14,"column":22},"end":{"line":14,"column":58}},"14":{"start":{"line":16,"column":16},"end":{"line":27,"column":1}},"15":{"start":{"line":17,"column":2},"end":{"line":26,"column":5}},"16":{"start":{"line":18,"column":4},"end":{"line":25,"column":9}},"17":{"start":{"line":21,"column":8},"end":{"line":21,"column":21}},"18":{"start":{"line":24,"column":8},"end":{"line":24,"column":22}},"19":{"start":{"line":29,"column":0},"end":{"line":29,"column":25}}},"fnMap":{"0":{"name":"(anonymous_0)","decl":{"start":{"line":13,"column":15},"end":{"line":13,"column":16}},"loc":{"start":{"line":13,"column":26},"end":{"line":13,"column":46}},"line":13},"1":{"name":"(anonymous_1)","decl":{"start":{"line":14,"column":16},"end":{"line":14,"column":17}},"loc":{"start":{"line":14,"column":22},"end":{"line":14,"column":58}},"line":14},"2":{"name":"(anonymous_2)","decl":{"start":{"line":16,"column":16},"end":{"line":16,"column":17}},"loc":{"start":{"line":16,"column":22},"end":{"line":27,"column":1}},"line":16},"3":{"name":"(anonymous_3)","decl":{"start":{"line":17,"column":21},"end":{"line":17,"column":22}},"loc":{"start":{"line":17,"column":42},"end":{"line":26,"column":3}},"line":17},"4":{"name":"(anonymous_4)","decl":{"start":{"line":20,"column":12},"end":{"line":20,"column":13}},"loc":{"start":{"line":20,"column":18},"end":{"line":22,"column":7}},"line":20},"5":{"name":"(anonymous_5)","decl":{"start":{"line":23,"column":13},"end":{"line":23,"column":14}},"loc":{"start":{"line":23,"column":24},"end":{"line":25,"column":7}},"line":23}},"branchMap":{},"s":{"0":2,"1":2,"2":2,"3":2,"4":2,"5":2,"6":2,"7":2,"8":2,"9":2,"10":2,"11":0,"12":2,"13":2,"14":2,"15":2,"16":2,"17":2,"18":0,"19":2},"f":{"0":0,"1":2,"2":2,"3":2,"4":2,"5":0},"b":{},"_coverageSchema":"1a1c01bbd47fc00a2c39e90264f33305004495a9","hash":"af9a474542db13431c51cb052503883789dc136c"}
,"C:\\Users\\dahan\\Desktop\\web-ex1\\controllers\\posts_controller.js": {"path":"C:\\Users\\dahan\\Desktop\\web-ex1\\controllers\\posts_controller.js","statementMap":{"0":{"start":{"line":1,"column":18},"end":{"line":1,"column":43}},"1":{"start":{"line":5,"column":20},"end":{"line":18,"column":1}},"2":{"start":{"line":6,"column":17},"end":{"line":6,"column":33}},"3":{"start":{"line":7,"column":2},"end":{"line":17,"column":3}},"4":{"start":{"line":8,"column":4},"end":{"line":14,"column":5}},"5":{"start":{"line":9,"column":20},"end":{"line":9,"column":62}},"6":{"start":{"line":10,"column":6},"end":{"line":10,"column":22}},"7":{"start":{"line":12,"column":20},"end":{"line":12,"column":42}},"8":{"start":{"line":13,"column":6},"end":{"line":13,"column":22}},"9":{"start":{"line":16,"column":4},"end":{"line":16,"column":40}},"10":{"start":{"line":21,"column":20},"end":{"line":29,"column":1}},"11":{"start":{"line":22,"column":2},"end":{"line":28,"column":3}},"12":{"start":{"line":23,"column":17},"end":{"line":23,"column":56}},"13":{"start":{"line":24,"column":4},"end":{"line":24,"column":45}},"14":{"start":{"line":24,"column":15},"end":{"line":24,"column":45}},"15":{"start":{"line":25,"column":4},"end":{"line":25,"column":19}},"16":{"start":{"line":27,"column":4},"end":{"line":27,"column":32}},"17":{"start":{"line":33,"column":19},"end":{"line":41,"column":1}},"18":{"start":{"line":34,"column":2},"end":{"line":40,"column":3}},"19":{"start":{"line":35,"column":17},"end":{"line":35,"column":40}},"20":{"start":{"line":36,"column":4},"end":{"line":36,"column":22}},"21":{"start":{"line":37,"column":4},"end":{"line":37,"column":31}},"22":{"start":{"line":39,"column":4},"end":{"line":39,"column":32}},"23":{"start":{"line":44,"column":19},"end":{"line":52,"column":1}},"24":{"start":{"line":45,"column":2},"end":{"line":51,"column":3}},"25":{"start":{"line":46,"column":17},"end":{"line":46,"column":111}},"26":{"start":{"line":47,"column":4},"end":{"line":47,"column":45}},"27":{"start":{"line":47,"column":15},"end":{"line":47,"column":45}},"28":{"start":{"line":48,"column":4},"end":{"line":48,"column":19}},"29":{"start":{"line":50,"column":4},"end":{"line":50,"column":32}},"30":{"start":{"line":54,"column":0},"end":{"line":59,"column":2}}},"fnMap":{"0":{"name":"(anonymous_0)","decl":{"start":{"line":5,"column":20},"end":{"line":5,"column":21}},"loc":{"start":{"line":5,"column":40},"end":{"line":18,"column":1}},"line":5},"1":{"name":"(anonymous_1)","decl":{"start":{"line":21,"column":20},"end":{"line":21,"column":21}},"loc":{"start":{"line":21,"column":40},"end":{"line":29,"column":1}},"line":21},"2":{"name":"(anonymous_2)","decl":{"start":{"line":33,"column":19},"end":{"line":33,"column":20}},"loc":{"start":{"line":33,"column":39},"end":{"line":41,"column":1}},"line":33},"3":{"name":"(anonymous_3)","decl":{"start":{"line":44,"column":19},"end":{"line":44,"column":20}},"loc":{"start":{"line":44,"column":39},"end":{"line":52,"column":1}},"line":44}},"branchMap":{"0":{"loc":{"start":{"line":8,"column":4},"end":{"line":14,"column":5}},"type":"if","locations":[{"start":{"line":8,"column":4},"end":{"line":14,"column":5}},{"start":{"line":11,"column":11},"end":{"line":14,"column":5}}],"line":8},"1":{"loc":{"start":{"line":24,"column":4},"end":{"line":24,"column":45}},"type":"if","locations":[{"start":{"line":24,"column":4},"end":{"line":24,"column":45}},{"start":{},"end":{}}],"line":24},"2":{"loc":{"start":{"line":47,"column":4},"end":{"line":47,"column":45}},"type":"if","locations":[{"start":{"line":47,"column":4},"end":{"line":47,"column":45}},{"start":{},"end":{}}],"line":47}},"s":{"0":2,"1":2,"2":5,"3":5,"4":5,"5":0,"6":0,"7":5,"8":5,"9":0,"10":2,"11":2,"12":2,"13":2,"14":0,"15":2,"16":0,"17":2,"18":6,"19":6,"20":6,"21":4,"22":2,"23":2,"24":0,"25":0,"26":0,"27":0,"28":0,"29":0,"30":2},"f":{"0":5,"1":2,"2":6,"3":0},"b":{"0":[0,5],"1":[0,2],"2":[0,0]},"_coverageSchema":"1a1c01bbd47fc00a2c39e90264f33305004495a9","hash":"1b32d9dec16c9964ddd710e7ba6d59e38d1a5d66"}
,"C:\\Users\\dahan\\Desktop\\web-ex1\\models\\comment.js": {"path":"C:\\Users\\dahan\\Desktop\\web-ex1\\models\\comment.js","statementMap":{"0":{"start":{"line":1,"column":17},"end":{"line":1,"column":36}},"1":{"start":{"line":3,"column":22},"end":{"line":8,"column":2}},"2":{"start":{"line":10,"column":0},"end":{"line":10,"column":58}}},"fnMap":{},"branchMap":{},"s":{"0":1,"1":1,"2":1},"f":{},"b":{},"_coverageSchema":"1a1c01bbd47fc00a2c39e90264f33305004495a9","hash":"e1499397317c89d0e5dd7acd27a4f2e757666e4c"}
,"C:\\Users\\dahan\\Desktop\\web-ex1\\models\\post.js": {"path":"C:\\Users\\dahan\\Desktop\\web-ex1\\models\\post.js","statementMap":{"0":{"start":{"line":1,"column":17},"end":{"line":1,"column":36}},"1":{"start":{"line":3,"column":19},"end":{"line":8,"column":2}},"2":{"start":{"line":10,"column":0},"end":{"line":10,"column":52}}},"fnMap":{},"branchMap":{},"s":{"0":2,"1":2,"2":2},"f":{},"b":{},"_coverageSchema":"1a1c01bbd47fc00a2c39e90264f33305004495a9","hash":"97d614881479bd02ef8afab9c8dcd9e0588670d3"}
,"C:\\Users\\dahan\\Desktop\\web-ex1\\routes\\posts_route.js": {"path":"C:\\Users\\dahan\\Desktop\\web-ex1\\routes\\posts_route.js","statementMap":{"0":{"start":{"line":1,"column":16},"end":{"line":1,"column":34}},"1":{"start":{"line":2,"column":15},"end":{"line":2,"column":31}},"2":{"start":{"line":3,"column":24},"end":{"line":3,"column":66}},"3":{"start":{"line":5,"column":0},"end":{"line":5,"column":45}},"4":{"start":{"line":7,"column":0},"end":{"line":7,"column":48}},"5":{"start":{"line":9,"column":0},"end":{"line":9,"column":45}},"6":{"start":{"line":11,"column":0},"end":{"line":11,"column":47}},"7":{"start":{"line":13,"column":0},"end":{"line":13,"column":24}}},"fnMap":{},"branchMap":{},"s":{"0":2,"1":2,"2":2,"3":2,"4":2,"5":2,"6":2,"7":2},"f":{},"b":{},"_coverageSchema":"1a1c01bbd47fc00a2c39e90264f33305004495a9","hash":"b7c991001638416e872abe7b1d3a705fb258b6c3"}
}
