TN:
SF:server.js
FN:17,(anonymous_0)
FN:18,(anonymous_1)
FN:20,(anonymous_2)
FN:21,(anonymous_3)
FN:24,(anonymous_4)
FN:27,(anonymous_5)
FNF:6
FNH:4
FNDA:0,(anonymous_0)
FNDA:3,(anonymous_1)
FNDA:3,(anonymous_2)
FNDA:3,(anonymous_3)
FNDA:3,(anonymous_4)
FNDA:0,(anonymous_5)
DA:1,3
DA:2,3
DA:3,3
DA:5,3
DA:6,3
DA:7,3
DA:8,3
DA:9,3
DA:10,3
DA:11,3
DA:12,3
DA:13,3
DA:14,3
DA:16,3
DA:17,3
DA:18,3
DA:20,3
DA:21,3
DA:22,3
DA:25,3
DA:28,0
DA:33,3
LF:22
LH:21
BRF:0
BRH:0
end_of_record
TN:
SF:controllers\comments_controller.js
FN:4,(anonymous_0)
FN:15,(anonymous_1)
FN:21,(anonymous_2)
FN:32,(anonymous_3)
FN:38,(anonymous_4)
FN:49,(anonymous_5)
FNF:6
FNH:6
FNDA:3,(anonymous_0)
FNDA:2,(anonymous_1)
FNDA:3,(anonymous_2)
FNDA:1,(anonymous_3)
FNDA:2,(anonymous_4)
FNDA:2,(anonymous_5)
DA:1,3
DA:4,3
DA:5,3
DA:6,3
DA:7,3
DA:8,2
DA:10,1
DA:15,3
DA:16,2
DA:17,2
DA:21,3
DA:22,3
DA:23,3
DA:24,3
DA:25,2
DA:27,0
DA:32,3
DA:33,1
DA:34,1
DA:38,3
DA:39,2
DA:40,2
DA:41,1
DA:42,1
DA:44,1
DA:49,3
DA:50,2
DA:51,2
DA:52,1
DA:53,1
DA:55,1
DA:59,3
LF:32
LH:31
BRDA:24,0,0,1
BRDA:24,0,1,2
BRDA:41,1,0,0
BRDA:41,1,1,1
BRDA:52,2,0,0
BRDA:52,2,1,1
BRF:6
BRH:4
end_of_record
TN:
SF:controllers\posts_controller.js
FN:5,(anonymous_0)
FN:21,(anonymous_1)
FN:33,(anonymous_2)
FN:44,(anonymous_3)
FNF:4
FNH:4
FNDA:3,(anonymous_0)
FNDA:3,(anonymous_1)
FNDA:4,(anonymous_2)
FNDA:2,(anonymous_3)
DA:1,3
DA:5,3
DA:6,3
DA:7,3
DA:8,3
DA:9,1
DA:10,1
DA:12,2
DA:13,2
DA:16,0
DA:21,3
DA:22,3
DA:23,3
DA:24,2
DA:25,2
DA:27,1
DA:33,3
DA:34,4
DA:35,4
DA:36,4
DA:37,3
DA:39,1
DA:44,3
DA:45,2
DA:46,2
DA:47,1
DA:48,1
DA:50,1
DA:54,3
LF:29
LH:28
BRDA:8,0,0,1
BRDA:8,0,1,2
BRDA:24,1,0,0
BRDA:24,1,1,2
BRDA:47,2,0,0
BRDA:47,2,1,1
BRF:6
BRH:4
end_of_record
TN:
SF:controllers\users_controller.js
FN:4,(anonymous_0)
FN:14,(anonymous_1)
FN:26,(anonymous_2)
FN:37,(anonymous_3)
FN:48,(anonymous_4)
FNF:5
FNH:5
FNDA:2,(anonymous_0)
FNDA:3,(anonymous_1)
FNDA:2,(anonymous_2)
FNDA:2,(anonymous_3)
FNDA:1,(anonymous_4)
DA:1,3
DA:4,3
DA:5,2
DA:6,2
DA:7,2
DA:9,0
DA:14,3
DA:15,3
DA:16,3
DA:17,2
DA:18,1
DA:20,1
DA:26,3
DA:27,2
DA:28,2
DA:29,2
DA:30,1
DA:32,1
DA:37,3
DA:38,2
DA:39,2
DA:40,1
DA:41,1
DA:43,1
DA:48,3
DA:49,1
DA:50,1
DA:51,1
DA:52,1
DA:54,0
DA:58,3
LF:31
LH:29
BRDA:17,0,0,1
BRDA:17,0,1,1
BRDA:40,1,0,0
BRDA:40,1,1,1
BRDA:51,2,0,0
BRDA:51,2,1,1
BRF:6
BRH:4
end_of_record
TN:
SF:models\comment.js
FNF:0
FNH:0
DA:1,3
DA:3,3
DA:10,3
LF:3
LH:3
BRF:0
BRH:0
end_of_record
TN:
SF:models\post.js
FNF:0
FNH:0
DA:1,3
DA:3,3
DA:10,3
LF:3
LH:3
BRF:0
BRH:0
end_of_record
TN:
SF:models\user.js
FNF:0
FNH:0
DA:1,3
DA:3,3
DA:10,3
LF:3
LH:3
BRF:0
BRH:0
end_of_record
TN:
SF:routes\comments_route.js
FNF:0
FNH:0
DA:1,3
DA:2,3
DA:3,3
DA:5,3
DA:7,3
DA:9,3
DA:11,3
DA:13,3
DA:15,3
DA:17,3
LF:10
LH:10
BRF:0
BRH:0
end_of_record
TN:
SF:routes\posts_route.js
FNF:0
FNH:0
DA:1,3
DA:2,3
DA:3,3
DA:5,3
DA:7,3
DA:9,3
DA:11,3
DA:13,3
LF:8
LH:8
BRF:0
BRH:0
end_of_record
TN:
SF:routes\users_route.js
FNF:0
FNH:0
DA:1,3
DA:2,3
DA:3,3
DA:5,3
DA:7,3
DA:9,3
DA:11,3
DA:13,3
DA:15,3
LF:9
LH:9
BRF:0
BRH:0
end_of_record
